<?xml version="1.0" encoding="UTF-8"?>
<!-- Generated by org.testng.reporters.JUnitReportReporter -->
<testsuite skipped="0" hostname="DESKTOP-M3VPPLC" name="org.examble.testRunner.runners" tests="1" failures="0" timestamp="2022-11-16T20:49:37 EET" time="10.826" errors="0">
  <testcase name="runScenario" time="10.826" classname="org.examble.testRunner.runners"/>
  <system-out/>
</testsuite> <!-- org.examble.testRunner.runners -->
